<?xml version="1.0" encoding="UTF-8"?>
<!-- Generated by org.testng.reporters.JUnitXMLReporter -->
<testsuite ignored="0" hostname="ADMIN" failures="0" tests="4" name="Test" time="53.352" errors="0" timestamp="2022-12-20T22:06:11 IST">
  <testcase classname="testcases.ValidateLogin" name="validateLoginTest" time="14.971"/>
  <testcase classname="testcases.ValidateLogin" name="validateLoginTest" time="11.61"/>
  <testcase classname="testcases.ValidateLogin" name="validateLoginTest" time="12.153"/>
  <testcase classname="testcases.ValidateLogin" name="validateLoginTest" time="12.58"/>
</testsuite> <!-- Test -->
