<?xml version="1.0" encoding="UTF-8"?>
<testng-results ignored="0" total="4" passed="4" failed="0" skipped="0">
  <reporter-output>
  </reporter-output>
  <suite started-at="2022-12-20T22:05:18 IST" name="Suite" finished-at="2022-12-20T22:06:11 IST" duration-ms="53352">
    <groups>
    </groups>
    <test started-at="2022-12-20T22:05:18 IST" name="Test" finished-at="2022-12-20T22:06:11 IST" duration-ms="53352">
      <class name="testcases.ValidateLogin">
        <test-method is-config="true" signature="beforeTest()[pri:0, instance:testcases.ValidateLogin@290222c1]" started-at="2022-12-20T22:05:18 IST" name="beforeTest" finished-at="2022-12-20T22:05:18 IST" duration-ms="10" status="PASS">
          <reporter-output>
          </reporter-output>
        </test-method> <!-- beforeTest -->
        <test-method is-config="true" signature="setUp()[pri:0, instance:testcases.ValidateLogin@290222c1]" started-at="2022-12-20T22:05:20 IST" name="setUp" finished-at="2022-12-20T22:05:20 IST" duration-ms="91" status="PASS">
          <reporter-output>
          </reporter-output>
        </test-method> <!-- setUp -->
        <test-method signature="validateLoginTest(java.lang.String,java.lang.String,java.lang.String)[pri:0, instance:testcases.ValidateLogin@290222c1]" started-at="2022-12-20T22:05:20 IST" name="validateLoginTest" data-provider="getData" finished-at="2022-12-20T22:05:35 IST" duration-ms="14971" status="PASS">
          <params>
            <param index="0">
              <value>
                <![CDATA[reyaz0617]]>
              </value>
            </param>
            <param index="1">
              <value>
                <![CDATA[reyaz123]]>
              </value>
            </param>
            <param index="2">
              <value>
                <![CDATA[Adactin.com - Search Hotel]]>
              </value>
            </param>
          </params>
          <reporter-output>
          </reporter-output>
        </test-method> <!-- validateLoginTest -->
        <test-method is-config="true" signature="setUp()[pri:0, instance:testcases.ValidateLogin@290222c1]" started-at="2022-12-20T22:05:35 IST" name="setUp" finished-at="2022-12-20T22:05:35 IST" duration-ms="95" status="PASS">
          <reporter-output>
          </reporter-output>
        </test-method> <!-- setUp -->
        <test-method signature="validateLoginTest(java.lang.String,java.lang.String,java.lang.String)[pri:0, instance:testcases.ValidateLogin@290222c1]" started-at="2022-12-20T22:05:35 IST" name="validateLoginTest" data-provider="getData" finished-at="2022-12-20T22:05:47 IST" duration-ms="11610" status="PASS">
          <params>
            <param index="0">
              <value>
                <![CDATA[reyaz0617]]>
              </value>
            </param>
            <param index="1">
              <value>
                <![CDATA[reyaz456]]>
              </value>
            </param>
            <param index="2">
              <value>
                <![CDATA[Adactin.com - Hotel Reservation System]]>
              </value>
            </param>
          </params>
          <reporter-output>
          </reporter-output>
        </test-method> <!-- validateLoginTest -->
        <test-method is-config="true" signature="setUp()[pri:0, instance:testcases.ValidateLogin@290222c1]" started-at="2022-12-20T22:05:47 IST" name="setUp" finished-at="2022-12-20T22:05:47 IST" duration-ms="65" status="PASS">
          <reporter-output>
          </reporter-output>
        </test-method> <!-- setUp -->
        <test-method signature="validateLoginTest(java.lang.String,java.lang.String,java.lang.String)[pri:0, instance:testcases.ValidateLogin@290222c1]" started-at="2022-12-20T22:05:47 IST" name="validateLoginTest" data-provider="getData" finished-at="2022-12-20T22:05:59 IST" duration-ms="12153" status="PASS">
          <params>
            <param index="0">
              <value>
                <![CDATA[reyaz1212]]>
              </value>
            </param>
            <param index="1">
              <value>
                <![CDATA[reyaz123]]>
              </value>
            </param>
            <param index="2">
              <value>
                <![CDATA[Adactin.com - Hotel Reservation System]]>
              </value>
            </param>
          </params>
          <reporter-output>
          </reporter-output>
        </test-method> <!-- validateLoginTest -->
        <test-method is-config="true" signature="setUp()[pri:0, instance:testcases.ValidateLogin@290222c1]" started-at="2022-12-20T22:05:59 IST" name="setUp" finished-at="2022-12-20T22:05:59 IST" duration-ms="58" status="PASS">
          <reporter-output>
          </reporter-output>
        </test-method> <!-- setUp -->
        <test-method signature="validateLoginTest(java.lang.String,java.lang.String,java.lang.String)[pri:0, instance:testcases.ValidateLogin@290222c1]" started-at="2022-12-20T22:05:59 IST" name="validateLoginTest" data-provider="getData" finished-at="2022-12-20T22:06:11 IST" duration-ms="12580" status="PASS">
          <params>
            <param index="0">
              <value>
                <![CDATA[reyaz1212]]>
              </value>
            </param>
            <param index="1">
              <value>
                <![CDATA[reyaz456]]>
              </value>
            </param>
            <param index="2">
              <value>
                <![CDATA[Adactin.com - Hotel Reservation System]]>
              </value>
            </param>
          </params>
          <reporter-output>
          </reporter-output>
        </test-method> <!-- validateLoginTest -->
      </class> <!-- testcases.ValidateLogin -->
    </test> <!-- Test -->
  </suite> <!-- Suite -->
</testng-results>
